<?xml version="1.0" encoding="UTF-8"?>
<!-- Generated by org.testng.reporters.JUnitReportReporter -->
<testsuite hostname="Alok-chakra" failures="0" tests="2" name="day1.Testone" time="0.012" errors="0" timestamp="2024-05-29T18:50:57 IST" skipped="0">
  <testcase classname="day1.Testone" name="abd" time="0.001"/>
  <system-out/>
  <testcase classname="day1.Testone" name="abc" time="0.011"/>
  <system-out/>
</testsuite> <!-- day1.Testone -->
